<?xml version="1.0" encoding="UTF-8"?>
<!-- Generated by org.testng.reporters.JUnitXMLReporter -->
<testsuite hostname="Samis-MBP.byod.gmu.edu" ignored="2" name="Login page test" tests="1" failures="0" timestamp="22 Apr 2018 23:29:52 GMT" time="16.501" errors="0">
  <testcase name="valid_User_login_Test" time="11.149" classname="com.crm.qa.testcases.LoginPageTest"/>
  <testcase name="loginPageTitleTest" time="0.0" classname="com.crm.qa.testcases.LoginPageTest">
    <ignored/>
  </testcase> <!-- loginPageTitleTest -->
  <testcase name="validate_HomePage_LOGO" time="0.0" classname="com.crm.qa.testcases.LoginPageTest">
    <ignored/>
  </testcase> <!-- validate_HomePage_LOGO -->
</testsuite> <!-- Login page test -->
